Watching for file changes with StatReloader
2025-09-27 14:50:47.014245 - User: mtalii (chiengsun@gmail.com, admin) - Path: /api/messages/
"GET /api/messages/ HTTP/1.1" 200 11284
2025-09-27 14:54:33.512955 - User: mtalii (chiengsun@gmail.com, admin) - Path: /api/conversations/
"GET /api/conversations/ HTTP/1.1" 200 20443
D:\prodev_025\msg_wk5_v2\chats\middleware.py changed, reloading.
Watching for file changes with StatReloader
D:\prodev_025\msg_wk5_v2\chats\middleware.py changed, reloading.
Watching for file changes with StatReloader
D:\prodev_025\msg_wk5_v2\messaging_app\settings.py changed, reloading.
Watching for file changes with StatReloader
Watching for file changes with StatReloader
2025-10-01 18:25:00.610533 - User: mtalii (chiengsun@gmail.com, admin) - Path: /api/conversations/
"GET /api/conversations/ HTTP/1.1" 200 20443
"GET /static/rest_framework/css/bootstrap-tweaks.css HTTP/1.1" 304 0
"GET /static/rest_framework/js/default.js HTTP/1.1" 304 0
"GET /static/rest_framework/js/jquery-3.7.1.min.js HTTP/1.1" 304 0
"GET /static/rest_framework/css/prettify.css HTTP/1.1" 304 0
"GET /static/rest_framework/css/bootstrap.min.css HTTP/1.1" 304 0
"GET /static/rest_framework/css/default.css HTTP/1.1" 304 0
"GET /static/rest_framework/js/prettify-min.js HTTP/1.1" 304 0
"GET /static/rest_framework/js/load-ajax-form.js HTTP/1.1" 304 0
"GET /static/rest_framework/js/ajax-form.js HTTP/1.1" 304 0
"GET /static/rest_framework/js/csrf.js HTTP/1.1" 304 0
"GET /static/rest_framework/js/bootstrap.min.js HTTP/1.1" 304 0
"GET /static/rest_framework/img/grid.png HTTP/1.1" 304 0
2025-10-01 18:25:04.205081 - User: mtalii (chiengsun@gmail.com, admin) - Path: /favicon.ico
Not Found: /favicon.ico
"GET /favicon.ico HTTP/1.1" 404 2871
Watching for file changes with StatReloader
Watching for file changes with StatReloader
D:\prodev_025\msg_wk6\chats\admin.py changed, reloading.
Watching for file changes with StatReloader
Watching for file changes with StatReloader
Watching for file changes with StatReloader
2025-10-01 20:43:46.489061 - User: Anonymous - Path: /api/messages/
Forbidden: /api/messages/
"GET /api/messages/ HTTP/1.1" 403 5055
2025-10-01 20:44:05.393404 - User: Anonymous - Path: /admin/
Forbidden: /admin/
"GET /admin/ HTTP/1.1" 403 24
2025-10-01 20:44:16.870901 - User: Anonymous - Path: /admin/
Forbidden: /admin/
"GET /admin/ HTTP/1.1" 403 24
2025-10-01 20:45:00.176802 - User: Anonymous - Path: /api/admin/
Not Found: /api/admin/
"GET /api/admin/ HTTP/1.1" 404 7312
2025-10-01 20:45:52.398270 - User: Anonymous - Path: /api/
Forbidden: /api/
"GET /api/ HTTP/1.1" 403 4883
"GET /static/rest_framework/js/jquery-3.7.1.min.js HTTP/1.1" 304 0
"GET /static/rest_framework/js/ajax-form.js HTTP/1.1" 304 0
"GET /static/rest_framework/js/csrf.js HTTP/1.1" 304 0
"GET /static/rest_framework/js/bootstrap.min.js HTTP/1.1" 304 0
"GET /static/rest_framework/js/prettify-min.js HTTP/1.1" 304 0
"GET /static/rest_framework/js/default.js HTTP/1.1" 304 0
"GET /static/rest_framework/css/default.css HTTP/1.1" 200 1152
"GET /static/rest_framework/css/bootstrap.min.css HTTP/1.1" 200 121457
"GET /static/rest_framework/css/bootstrap-tweaks.css HTTP/1.1" 200 3426
"GET /static/rest_framework/js/load-ajax-form.js HTTP/1.1" 200 59
"GET /static/rest_framework/css/prettify.css HTTP/1.1" 200 817
"GET /static/rest_framework/img/grid.png HTTP/1.1" 200 1458
2025-10-01 20:45:56.670529 - User: Anonymous - Path: /favicon.ico
Not Found: /favicon.ico
- Broken pipe from ('127.0.0.1', 58553)
2025-10-01 20:46:04.220368 - User: Anonymous - Path: /api/
Forbidden: /api/
"GET /api/ HTTP/1.1" 403 4883
2025-10-01 20:46:23.406409 - User: Anonymous - Path: /admin/
Forbidden: /admin/
"GET /admin/ HTTP/1.1" 403 24
2025-10-01 20:48:28.590727 - User: Anonymous - Path: /admin/login/
Forbidden: /admin/login/
"GET /admin/login/ HTTP/1.1" 403 24
Watching for file changes with StatReloader
2025-10-01 21:01:50.424679 - User: Anonymous - Path: /admin/login/
Forbidden: /admin/login/
"GET /admin/login/ HTTP/1.1" 403 46
2025-10-01 21:02:00.600862 - User: Anonymous - Path: /admin/
Forbidden: /admin/
"GET /admin/ HTTP/1.1" 403 46
D:\prodev_025\msg_wk6\messaging_app\settings.py changed, reloading.
Watching for file changes with StatReloader
"GET /admin/ HTTP/1.1" 302 0
"GET /admin/login/?next=/admin/ HTTP/1.1" 200 4173
"GET /static/admin/css/base.css HTTP/1.1" 304 0
"GET /static/admin/css/dark_mode.css HTTP/1.1" 304 0
"GET /static/admin/css/login.css HTTP/1.1" 304 0
"GET /static/admin/css/nav_sidebar.css HTTP/1.1" 304 0
"GET /static/admin/js/theme.js HTTP/1.1" 304 0
"GET /static/admin/css/responsive.css HTTP/1.1" 304 0
"GET /static/admin/js/nav_sidebar.js HTTP/1.1" 304 0
"POST /admin/login/?next=/admin/ HTTP/1.1" 302 0
"GET /admin/ HTTP/1.1" 200 9061
"GET /static/admin/css/dashboard.css HTTP/1.1" 304 0
"GET /static/admin/img/icon-changelink.svg HTTP/1.1" 304 0
"GET /static/admin/img/icon-addlink.svg HTTP/1.1" 304 0
"GET /admin/chats/user/add/ HTTP/1.1" 200 16777
"GET /static/admin/js/core.js HTTP/1.1" 304 0
"GET /static/admin/js/jquery.init.js HTTP/1.1" 304 0
"GET /static/admin/css/forms.css HTTP/1.1" 304 0
"GET /static/admin/js/actions.js HTTP/1.1" 304 0
"GET /static/admin/js/vendor/jquery/jquery.js HTTP/1.1" 304 0
"GET /static/admin/js/vendor/xregexp/xregexp.js HTTP/1.1" 304 0
"GET /static/admin/js/prepopulate_init.js HTTP/1.1" 304 0
"GET /static/admin/css/unusable_password_field.css HTTP/1.1" 304 0
"GET /static/admin/js/urlify.js HTTP/1.1" 304 0
"GET /static/admin/js/prepopulate.js HTTP/1.1" 304 0
"GET /static/admin/js/admin/RelatedObjectLookups.js HTTP/1.1" 304 0
"GET /static/admin/css/widgets.css HTTP/1.1" 304 0
"GET /static/admin/js/change_form.js HTTP/1.1" 304 0
"GET /static/admin/js/unusable_password_field.js HTTP/1.1" 304 0
"GET /admin/jsi18n/ HTTP/1.1" 200 3342
"GET /api/ HTTP/1.1" 200 5486
Not Found: /api/admin/
"GET /api/admin/ HTTP/1.1" 404 7312
"GET /admin/ HTTP/1.1" 200 9061
Internal Server Error: /api/messages/
Traceback (most recent call last):
  File "D:\prodev_025\msg_wk6\venv\Lib\site-packages\django\core\handlers\exception.py", line 55, in inner
    response = get_response(request)
               ^^^^^^^^^^^^^^^^^^^^^
  File "D:\prodev_025\msg_wk6\venv\Lib\site-packages\django\core\handlers\base.py", line 220, in _get_response
    response = response.render()
               ^^^^^^^^^^^^^^^^^
  File "D:\prodev_025\msg_wk6\venv\Lib\site-packages\django\template\response.py", line 114, in render
    self.content = self.rendered_content
                   ^^^^^^^^^^^^^^^^^^^^^
  File "D:\prodev_025\msg_wk6\venv\Lib\site-packages\rest_framework\response.py", line 74, in rendered_content
    ret = renderer.render(self.data, accepted_media_type, context)
          ^^^^^^^^^^^^^^^^^^^^^^^^^^^^^^^^^^^^^^^^^^^^^^^^^^^^^^^^
  File "D:\prodev_025\msg_wk6\venv\Lib\site-packages\rest_framework\renderers.py", line 731, in render
    context = self.get_context(data, accepted_media_type, renderer_context)
              ^^^^^^^^^^^^^^^^^^^^^^^^^^^^^^^^^^^^^^^^^^^^^^^^^^^^^^^^^^^^^
  File "D:\prodev_025\msg_wk6\venv\Lib\site-packages\rest_framework\renderers.py", line 662, in get_context
    raw_data_post_form = self.get_raw_data_form(data, view, 'POST', request)
                         ^^^^^^^^^^^^^^^^^^^^^^^^^^^^^^^^^^^^^^^^^^^^^^^^^^^
  File "D:\prodev_025\msg_wk6\venv\Lib\site-packages\rest_framework\renderers.py", line 569, in get_raw_data_form
    data = serializer.data.copy()
           ^^^^^^^^^^^^^^^
  File "D:\prodev_025\msg_wk6\venv\Lib\site-packages\rest_framework\serializers.py", line 573, in data
    ret = super().data
          ^^^^^^^^^^^^
  File "D:\prodev_025\msg_wk6\venv\Lib\site-packages\rest_framework\serializers.py", line 255, in data
    self._data = self.get_initial()
                 ^^^^^^^^^^^^^^^^^^
  File "D:\prodev_025\msg_wk6\venv\Lib\site-packages\rest_framework\serializers.py", line 423, in get_initial
    for field in self.fields.values()
                 ^^^^^^^^^^^
  File "D:\prodev_025\msg_wk6\venv\Lib\site-packages\django\utils\functional.py", line 47, in __get__
    res = instance.__dict__[self.name] = self.func(instance)
                                         ^^^^^^^^^^^^^^^^^^^
  File "D:\prodev_025\msg_wk6\venv\Lib\site-packages\rest_framework\serializers.py", line 374, in fields
    for key, value in self.get_fields().items():
                      ^^^^^^^^^^^^^^^^^
  File "D:\prodev_025\msg_wk6\venv\Lib\site-packages\rest_framework\serializers.py", line 1105, in get_fields
    field_class, field_kwargs = self.build_field(
                                ^^^^^^^^^^^^^^^^^
  File "D:\prodev_025\msg_wk6\venv\Lib\site-packages\rest_framework\serializers.py", line 1251, in build_field
    return self.build_unknown_field(field_name, model_class)
           ^^^^^^^^^^^^^^^^^^^^^^^^^^^^^^^^^^^^^^^^^^^^^^^^^
  File "D:\prodev_025\msg_wk6\venv\Lib\site-packages\rest_framework\serializers.py", line 1369, in build_unknown_field
    raise ImproperlyConfigured(
django.core.exceptions.ImproperlyConfigured: Field name `message_body` is not valid for model `Message` in `chats.serializers.MessageSerializer`.
"GET /api/messages/ HTTP/1.1" 500 136184
D:\prodev_025\msg_wk6\chats\serializers.py changed, reloading.
Watching for file changes with StatReloader
Internal Server Error: /api/messages/
Traceback (most recent call last):
  File "D:\prodev_025\msg_wk6\venv\Lib\site-packages\django\core\handlers\exception.py", line 55, in inner
    response = get_response(request)
               ^^^^^^^^^^^^^^^^^^^^^
  File "D:\prodev_025\msg_wk6\venv\Lib\site-packages\django\core\handlers\base.py", line 220, in _get_response
    response = response.render()
               ^^^^^^^^^^^^^^^^^
  File "D:\prodev_025\msg_wk6\venv\Lib\site-packages\django\template\response.py", line 114, in render
    self.content = self.rendered_content
                   ^^^^^^^^^^^^^^^^^^^^^
  File "D:\prodev_025\msg_wk6\venv\Lib\site-packages\rest_framework\response.py", line 74, in rendered_content
    ret = renderer.render(self.data, accepted_media_type, context)
          ^^^^^^^^^^^^^^^^^^^^^^^^^^^^^^^^^^^^^^^^^^^^^^^^^^^^^^^^
  File "D:\prodev_025\msg_wk6\venv\Lib\site-packages\rest_framework\renderers.py", line 731, in render
    context = self.get_context(data, accepted_media_type, renderer_context)
              ^^^^^^^^^^^^^^^^^^^^^^^^^^^^^^^^^^^^^^^^^^^^^^^^^^^^^^^^^^^^^
  File "D:\prodev_025\msg_wk6\venv\Lib\site-packages\rest_framework\renderers.py", line 662, in get_context
    raw_data_post_form = self.get_raw_data_form(data, view, 'POST', request)
                         ^^^^^^^^^^^^^^^^^^^^^^^^^^^^^^^^^^^^^^^^^^^^^^^^^^^
  File "D:\prodev_025\msg_wk6\venv\Lib\site-packages\rest_framework\renderers.py", line 569, in get_raw_data_form
    data = serializer.data.copy()
           ^^^^^^^^^^^^^^^
  File "D:\prodev_025\msg_wk6\venv\Lib\site-packages\rest_framework\serializers.py", line 573, in data
    ret = super().data
          ^^^^^^^^^^^^
  File "D:\prodev_025\msg_wk6\venv\Lib\site-packages\rest_framework\serializers.py", line 255, in data
    self._data = self.get_initial()
                 ^^^^^^^^^^^^^^^^^^
  File "D:\prodev_025\msg_wk6\venv\Lib\site-packages\rest_framework\serializers.py", line 423, in get_initial
    for field in self.fields.values()
                 ^^^^^^^^^^^
  File "D:\prodev_025\msg_wk6\venv\Lib\site-packages\django\utils\functional.py", line 47, in __get__
    res = instance.__dict__[self.name] = self.func(instance)
                                         ^^^^^^^^^^^^^^^^^^^
  File "D:\prodev_025\msg_wk6\venv\Lib\site-packages\rest_framework\serializers.py", line 374, in fields
    for key, value in self.get_fields().items():
                      ^^^^^^^^^^^^^^^^^
  File "D:\prodev_025\msg_wk6\venv\Lib\site-packages\rest_framework\serializers.py", line 1105, in get_fields
    field_class, field_kwargs = self.build_field(
                                ^^^^^^^^^^^^^^^^^
  File "D:\prodev_025\msg_wk6\venv\Lib\site-packages\rest_framework\serializers.py", line 1251, in build_field
    return self.build_unknown_field(field_name, model_class)
           ^^^^^^^^^^^^^^^^^^^^^^^^^^^^^^^^^^^^^^^^^^^^^^^^^
  File "D:\prodev_025\msg_wk6\venv\Lib\site-packages\rest_framework\serializers.py", line 1369, in build_unknown_field
    raise ImproperlyConfigured(
django.core.exceptions.ImproperlyConfigured: Field name `message_body` is not valid for model `Message` in `chats.serializers.MessageSerializer`.
"GET /api/messages/ HTTP/1.1" 500 136324
Watching for file changes with StatReloader
"GET /admin/ HTTP/1.1" 200 9061
Not Found: /favicon.ico
"GET /favicon.ico HTTP/1.1" 404 2871
"GET /admin/chats/user/add/ HTTP/1.1" 200 16777
"GET /admin/jsi18n/ HTTP/1.1" 200 3342
"POST /admin/chats/user/add/ HTTP/1.1" 302 0
"GET /admin/chats/user/d7e0e270-4c75-4f81-8bd1-8f5672008464/change/ HTTP/1.1" 200 25540
"GET /admin/jsi18n/ HTTP/1.1" 200 3342
"GET /static/admin/js/calendar.js HTTP/1.1" 304 0
"GET /static/admin/js/SelectBox.js HTTP/1.1" 304 0
"GET /static/admin/js/admin/DateTimeShortcuts.js HTTP/1.1" 304 0
"GET /static/admin/js/SelectFilter2.js HTTP/1.1" 304 0
"GET /static/admin/img/icon-yes.svg HTTP/1.1" 304 0
"GET /static/admin/img/icon-calendar.svg HTTP/1.1" 304 0
"GET /static/admin/img/selector-icons.svg HTTP/1.1" 304 0
"GET /static/admin/img/search.svg HTTP/1.1" 304 0
"GET /static/admin/img/icon-clock.svg HTTP/1.1" 304 0
"GET /admin/chats/conversation/add/ HTTP/1.1" 200 11533
"GET /admin/jsi18n/ HTTP/1.1" 200 3342
"POST /admin/chats/conversation/add/ HTTP/1.1" 302 0
"GET /admin/chats/conversation/ HTTP/1.1" 200 11589
"GET /admin/jsi18n/ HTTP/1.1" 200 3342
"GET /static/admin/css/changelists.css HTTP/1.1" 304 0
"GET /static/admin/js/filters.js HTTP/1.1" 304 0
"GET /static/admin/img/tooltag-add.svg HTTP/1.1" 304 0
Internal Server Error: /api/messages/
Traceback (most recent call last):
  File "D:\prodev_025\msg_wk6\venv\Lib\site-packages\django\core\handlers\exception.py", line 55, in inner
    response = get_response(request)
               ^^^^^^^^^^^^^^^^^^^^^
  File "D:\prodev_025\msg_wk6\venv\Lib\site-packages\django\core\handlers\base.py", line 220, in _get_response
    response = response.render()
               ^^^^^^^^^^^^^^^^^
  File "D:\prodev_025\msg_wk6\venv\Lib\site-packages\django\template\response.py", line 114, in render
    self.content = self.rendered_content
                   ^^^^^^^^^^^^^^^^^^^^^
  File "D:\prodev_025\msg_wk6\venv\Lib\site-packages\rest_framework\response.py", line 74, in rendered_content
    ret = renderer.render(self.data, accepted_media_type, context)
          ^^^^^^^^^^^^^^^^^^^^^^^^^^^^^^^^^^^^^^^^^^^^^^^^^^^^^^^^
  File "D:\prodev_025\msg_wk6\venv\Lib\site-packages\rest_framework\renderers.py", line 731, in render
    context = self.get_context(data, accepted_media_type, renderer_context)
              ^^^^^^^^^^^^^^^^^^^^^^^^^^^^^^^^^^^^^^^^^^^^^^^^^^^^^^^^^^^^^
  File "D:\prodev_025\msg_wk6\venv\Lib\site-packages\rest_framework\renderers.py", line 662, in get_context
    raw_data_post_form = self.get_raw_data_form(data, view, 'POST', request)
                         ^^^^^^^^^^^^^^^^^^^^^^^^^^^^^^^^^^^^^^^^^^^^^^^^^^^
  File "D:\prodev_025\msg_wk6\venv\Lib\site-packages\rest_framework\renderers.py", line 569, in get_raw_data_form
    data = serializer.data.copy()
           ^^^^^^^^^^^^^^^
  File "D:\prodev_025\msg_wk6\venv\Lib\site-packages\rest_framework\serializers.py", line 573, in data
    ret = super().data
          ^^^^^^^^^^^^
  File "D:\prodev_025\msg_wk6\venv\Lib\site-packages\rest_framework\serializers.py", line 255, in data
    self._data = self.get_initial()
                 ^^^^^^^^^^^^^^^^^^
  File "D:\prodev_025\msg_wk6\venv\Lib\site-packages\rest_framework\serializers.py", line 423, in get_initial
    for field in self.fields.values()
                 ^^^^^^^^^^^
  File "D:\prodev_025\msg_wk6\venv\Lib\site-packages\django\utils\functional.py", line 47, in __get__
    res = instance.__dict__[self.name] = self.func(instance)
                                         ^^^^^^^^^^^^^^^^^^^
  File "D:\prodev_025\msg_wk6\venv\Lib\site-packages\rest_framework\serializers.py", line 374, in fields
    for key, value in self.get_fields().items():
                      ^^^^^^^^^^^^^^^^^
  File "D:\prodev_025\msg_wk6\venv\Lib\site-packages\rest_framework\serializers.py", line 1105, in get_fields
    field_class, field_kwargs = self.build_field(
                                ^^^^^^^^^^^^^^^^^
  File "D:\prodev_025\msg_wk6\venv\Lib\site-packages\rest_framework\serializers.py", line 1251, in build_field
    return self.build_unknown_field(field_name, model_class)
           ^^^^^^^^^^^^^^^^^^^^^^^^^^^^^^^^^^^^^^^^^^^^^^^^^
  File "D:\prodev_025\msg_wk6\venv\Lib\site-packages\rest_framework\serializers.py", line 1369, in build_unknown_field
    raise ImproperlyConfigured(
django.core.exceptions.ImproperlyConfigured: Field name `message_body` is not valid for model `Message` in `chats.serializers.MessageSerializer`.
"GET /api/messages/ HTTP/1.1" 500 137067
Not Found: /messages/
"GET /messages/ HTTP/1.1" 404 2865
2025-10-04 07:59:51.699627 - User: tester (, guest) - Path: /api/messages/
